<?xml version="1.0" encoding="UTF-8"?>
<!-- Generated by org.testng.reporters.JUnitReportReporter -->
<testsuite hostname="BIJILI" name="Testcases.Second_Testas" tests="1" failures="0" timestamp="16 Oct 2020 09:34:34 GMT" time="5.080" errors="0">
  <testcase name="nu" time="5.080" classname="Testcases.Second_Testas"/>
</testsuite> <!-- Testcases.Second_Testas -->
