<?xml version="1.0" encoding="UTF-8"?>
<!-- Generated by org.testng.reporters.JUnitReportReporter -->
<testsuite hostname="DESKTOP-CA0RA0D" name="Testcases.Demo_Web_Shop" tests="1" failures="0" timestamp="19 May 2022 02:12:33 GMT" time="14.002" errors="0">
  <testcase name="WebShop_Demo" time="14.002" classname="Testcases.Demo_Web_Shop"/>
</testsuite> <!-- Testcases.Demo_Web_Shop -->
