<?xml version="1.0" encoding="UTF-8"?>
<!-- Generated by org.testng.reporters.JUnitReportReporter -->
<testsuite hostname="DESKTOP-CA0RA0D" name="Testcases.Task2" tests="1" failures="0" timestamp="19 May 2022 07:27:54 GMT" time="5.201" errors="0">
  <testcase name="WebShop_Demo" time="5.201" classname="Testcases.Task2"/>
</testsuite> <!-- Testcases.Task2 -->
