<?xml version="1.0" encoding="UTF-8"?>
<!-- Generated by org.testng.reporters.JUnitReportReporter -->
<testsuite hostname="BIJILI" name="Environment_parameterisation.Parameters" tests="2" failures="0" timestamp="1 Nov 2018 19:32:44 GMT" time="0.013" errors="0">
  <testcase name="testclass" time="0.011" classname="Environment_parameterisation.Parameters"/>
  <testcase name="testclass" time="0.002" classname="Environment_parameterisation.Parameters"/>
</testsuite> <!-- Environment_parameterisation.Parameters -->
