<?xml version="1.0" encoding="UTF-8"?>
<!-- Generated by org.testng.reporters.JUnitReportReporter -->
<testsuite hostname="BIJILI" name="Auto_IT.Auto_It" tests="1" failures="0" timestamp="26 Jul 2019 20:06:55 GMT" time="36.826" errors="0">
  <testcase name="mah" time="36.826" classname="Auto_IT.Auto_It"/>
</testsuite> <!-- Auto_IT.Auto_It -->
