<?xml version="1.0" encoding="UTF-8"?>
<!-- Generated by org.testng.reporters.JUnitReportReporter -->
<testsuite hostname="BIJILI" name="Environment_parameterisation.class_2" tests="2" failures="0" timestamp="2 Nov 2018 03:57:28 GMT" time="0.014" errors="0">
  <testcase name="test23" time="0.012" classname="Environment_parameterisation.class_2"/>
  <testcase name="test23" time="0.002" classname="Environment_parameterisation.class_2"/>
</testsuite> <!-- Environment_parameterisation.class_2 -->
