<?xml version="1.0" encoding="UTF-8"?>
<!-- Generated by org.testng.reporters.JUnitReportReporter -->
<testsuite hostname="BIJILI" name="Practice.data_providerclass$DP" tests="2" failures="0" timestamp="12 Oct 2020 15:12:33 GMT" time="0.016" errors="0">
  <testcase name="myTest" time="0.002" classname="Practice.data_providerclass$DP"/>
  <testcase name="myTest" time="0.014" classname="Practice.data_providerclass$DP"/>
</testsuite> <!-- Practice.data_providerclass$DP -->
