<?xml version="1.0" encoding="UTF-8"?>
<!-- Generated by org.testng.reporters.JUnitReportReporter -->
<testsuite hostname="DESKTOP-J4LHG4U" name="first.Webtable" tests="1" failures="0" timestamp="4 Nov 2017 04:15:29 GMT" time="21.300" errors="0">
  <testcase name="dynamicTable" time="21.300" classname="first.Webtable"/>
</testsuite> <!-- first.Webtable -->
