<?xml version="1.0" encoding="UTF-8"?>
<!-- Generated by org.testng.reporters.JUnitReportReporter -->
<testsuite hostname="BIJILI" name="xcel.readcells" tests="1" failures="0" timestamp="27 Aug 2018 11:14:25 GMT" time="1.068" errors="0">
  <testcase name="mm" time="1.068" classname="xcel.readcells"/>
</testsuite> <!-- xcel.readcells -->
