<?xml version="1.0" encoding="UTF-8"?>
<!-- Generated by org.testng.reporters.JUnitReportReporter -->
<testsuite hostname="BIJILI" name="Testcases.Demo_Web_Shop" tests="1" failures="0" timestamp="21 Oct 2020 06:09:30 GMT" time="48.319" errors="0">
  <testcase name="WebShop_Demo" time="48.319" classname="Testcases.Demo_Web_Shop"/>
</testsuite> <!-- Testcases.Demo_Web_Shop -->
