<?xml version="1.0" encoding="UTF-8"?>
<!-- Generated by org.testng.reporters.JUnitReportReporter -->
<testsuite hostname="DESKTOP-J4LHG4U" name="first.Configurations$secondclass" tests="1" failures="0" timestamp="7 Nov 2017 19:40:23 GMT" time="32.894" errors="0">
  <testcase name="mm" time="32.894" classname="first.Configurations$secondclass"/>
</testsuite> <!-- first.Configurations$secondclass -->
