<?xml version="1.0" encoding="UTF-8"?>
<!-- Generated by org.testng.reporters.JUnitReportReporter -->
<testsuite hostname="DESKTOP-0Q4P2KE" name="practice" tests="1" failures="0" timestamp="2 Nov 2020 12:57:14 GMT" time="0.005" errors="0">
  <testcase name="ex" time="0.005" classname="practice"/>
</testsuite> <!-- practice -->
